20:59:54.432 karate.env system property was:  
20:59:55.721 preferred port 9515 not available, will use: 61622
21:00:43.275 preferred port 9515 not available, will use: 60927
21:01:47.489 preferred port 9515 not available, will use: 52007
: null
[1.3:5] oneway.feature:7 - evaluation (js) failed: highlight('{a}BOOK FLIGHT'), javascript failed twice: {"value":{"stacktrace":"Backtrace:\n\tOrdinal0 [0x00343733+2504499]\n\tOrdinal0 [0x002DC401+2081793]\n\tOrdinal0 [0x001E2628+1058344]\n\tOrdinal0 [0x001E4CEA+1068266]\n\tOrdinal0 [0x001E4BAE+1067950]\n\tOrdinal0 [0x001E5433+1070131]\n\tOrdinal0 [0x00235659+1398361]\n\tOrdinal0 [0x00225E83+1334915]\n\tOrdinal0 [0x00234CDB+1395931]\n\tOrdinal0 [0x00225D4B+1334603]\n\tOrdinal0 [0x002022B4+1188532]\n\tOrdinal0 [0x00203149+1192265]\n\tGetHandleVerifier [0x004BFB8C+1512252]\n\tGetHandleVerifier [0x0056B0DF+2214031]\n\tGetHandleVerifier [0x003C4BC3+484211]\n\tGetHandleVerifier [0x003C3E69+480793]\n\tOrdinal0 [0x002E218D+2105741]\n\tOrdinal0 [0x002E66E8+2123496]\n\tOrdinal0 [0x002E6827+2123815]\n\tOrdinal0 [0x002EFB73+2161523]\n\tBaseThreadInitThunk [0x755DFA29+25]\n\tRtlGetAppContainerNamedObjectPath [0x774A7A7E+286]\n\tRtlGetAppContainerNamedObjectPath [0x774A7A4E+238]\n\t(No symbol) [0x00000000]\n","error":"javascript error","message":"javascript error: Cannot read property 'getAttribute' of null\n  (Session info: chrome=92.0.4515.107)"}}
[1.4:5] oneway.feature:7 - evaluation (js) failed: highlight('{a}BOOK FLIGHT'), javascript failed twice: {"value":{"stacktrace":"Backtrace:\n\tOrdinal0 [0x00343733+2504499]\n\tOrdinal0 [0x002DC401+2081793]\n\tOrdinal0 [0x001E2628+1058344]\n\tOrdinal0 [0x001E4CEA+1068266]\n\tOrdinal0 [0x001E4BAE+1067950]\n\tOrdinal0 [0x001E5433+1070131]\n\tOrdinal0 [0x00235659+1398361]\n\tOrdinal0 [0x00225E83+1334915]\n\tOrdinal0 [0x00234CDB+1395931]\n\tOrdinal0 [0x00225D4B+1334603]\n\tOrdinal0 [0x002022B4+1188532]\n\tOrdinal0 [0x00203149+1192265]\n\tGetHandleVerifier [0x004BFB8C+1512252]\n\tGetHandleVerifier [0x0056B0DF+2214031]\n\tGetHandleVerifier [0x003C4BC3+484211]\n\tGetHandleVerifier [0x003C3E69+480793]\n\tOrdinal0 [0x002E218D+2105741]\n\tOrdinal0 [0x002E66E8+2123496]\n\tOrdinal0 [0x002E6827+2123815]\n\tOrdinal0 [0x002EFB73+2161523]\n\tBaseThreadInitThunk [0x755DFA29+25]\n\tRtlGetAppContainerNamedObjectPath [0x774A7A7E+286]\n\tRtlGetAppContainerNamedObjectPath [0x774A7A4E+238]\n\t(No symbol) [0x00000000]\n","error":"javascript error","message":"javascript error: Cannot read property 'getAttribute' of null\n  (Session info: chrome=92.0.4515.107)"}}
[1.5:5] oneway.feature:7 - evaluation (js) failed: highlight('{a}BOOK FLIGHT'), javascript failed twice: {"value":{"stacktrace":"Backtrace:\n\tOrdinal0 [0x00343733+2504499]\n\tOrdinal0 [0x002DC401+2081793]\n\tOrdinal0 [0x001E2628+1058344]\n\tOrdinal0 [0x001E4CEA+1068266]\n\tOrdinal0 [0x001E4BAE+1067950]\n\tOrdinal0 [0x001E5433+1070131]\n\tOrdinal0 [0x00235659+1398361]\n\tOrdinal0 [0x00225E83+1334915]\n\tOrdinal0 [0x00234CDB+1395931]\n\tOrdinal0 [0x00225D4B+1334603]\n\tOrdinal0 [0x002022B4+1188532]\n\tOrdinal0 [0x00203149+1192265]\n\tGetHandleVerifier [0x004BFB8C+1512252]\n\tGetHandleVerifier [0x0056B0DF+2214031]\n\tGetHandleVerifier [0x003C4BC3+484211]\n\tGetHandleVerifier [0x003C3E69+480793]\n\tOrdinal0 [0x002E218D+2105741]\n\tOrdinal0 [0x002E66E8+2123496]\n\tOrdinal0 [0x002E6827+2123815]\n\tOrdinal0 [0x002EFB73+2161523]\n\tBaseThreadInitThunk [0x755DFA29+25]\n\tRtlGetAppContainerNamedObjectPath [0x774A7A7E+286]\n\tRtlGetAppContainerNamedObjectPath [0x774A7A4E+238]\n\t(No symbol) [0x00000000]\n","error":"javascript error","message":"javascript error: Cannot read property 'getAttribute' of null\n  (Session info: chrome=92.0.4515.107)"}}
20:53:58.285 karate.env system property was:  
20:53:58.292 preferred port 9515 not available, will use: 55548
20:55:31.939 feature call failed: C:/Users/user/IdeaProjects/Automation_Testing/src/test/java/examples/finals/returning.feature
arg: null
[1.3:5] returning.feature:7 - evaluation (js) failed: highlight('{a}BOOK FLIGHT'), javascript failed twice: {"value":{"stacktrace":"Backtrace:\n\tOrdinal0 [0x00343733+2504499]\n\tOrdinal0 [0x002DC401+2081793]\n\tOrdinal0 [0x001E2628+1058344]\n\tOrdinal0 [0x001E4CEA+1068266]\n\tOrdinal0 [0x001E4BAE+1067950]\n\tOrdinal0 [0x001E5433+1070131]\n\tOrdinal0 [0x00235659+1398361]\n\tOrdinal0 [0x00225E83+1334915]\n\tOrdinal0 [0x00234CDB+1395931]\n\tOrdinal0 [0x00225D4B+1334603]\n\tOrdinal0 [0x002022B4+1188532]\n\tOrdinal0 [0x00203149+1192265]\n\tGetHandleVerifier [0x004BFB8C+1512252]\n\tGetHandleVerifier [0x0056B0DF+2214031]\n\tGetHandleVerifier [0x003C4BC3+484211]\n\tGetHandleVerifier [0x003C3E69+480793]\n\tOrdinal0 [0x002E218D+2105741]\n\tOrdinal0 [0x002E66E8+2123496]\n\tOrdinal0 [0x002E6827+2123815]\n\tOrdinal0 [0x002EFB73+2161523]\n\tBaseThreadInitThunk [0x755DFA29+25]\n\tRtlGetAppContainerNamedObjectPath [0x774A7A7E+286]\n\tRtlGetAppContainerNamedObjectPath [0x774A7A4E+238]\n\t(No symbol) [0x00000000]\n","error":"javascript error","message":"javascript error: Cannot read property 'getAttribute' of null\n  (Session info: chrome=92.0.4515.107)"}}
[1.4:5] returning.feature:7 - evaluation (js) failed: highlight('{a}BOOK FLIGHT'), javascript failed twice: {"value":{"stacktrace":"Backtrace:\n\tOrdinal0 [0x00343733+2504499]\n\tOrdinal0 [0x002DC401+2081793]\n\tOrdinal0 [0x001E2628+1058344]\n\tOrdinal0 [0x001E4CEA+1068266]\n\tOrdinal0 [0x001E4BAE+1067950]\n\tOrdinal0 [0x001E5433+1070131]\n\tOrdinal0 [0x00235659+1398361]\n\tOrdinal0 [0x00225E83+1334915]\n\tOrdinal0 [0x00234CDB+1395931]\n\tOrdinal0 [0x00225D4B+1334603]\n\tOrdinal0 [0x002022B4+1188532]\n\tOrdinal0 [0x00203149+1192265]\n\tGetHandleVerifier [0x004BFB8C+1512252]\n\tGetHandleVerifier [0x0056B0DF+2214031]\n\tGetHandleVerifier [0x003C4BC3+484211]\n\tGetHandleVerifier [0x003C3E69+480793]\n\tOrdinal0 [0x002E218D+2105741]\n\tOrdinal0 [0x002E66E8+2123496]\n\tOrdinal0 [0x002E6827+2123815]\n\tOrdinal0 [0x002EFB73+2161523]\n\tBaseThreadInitThunk [0x755DFA29+25]\n\tRtlGetAppContainerNamedObjectPath [0x774A7A7E+286]\n\tRtlGetAppContainerNamedObjectPath [0x774A7A4E+238]\n\t(No symbol) [0x00000000]\n","error":"javascript error","message":"javascript error: Cannot read property 'getAttribute' of null\n  (Session info: chrome=92.0.4515.107)"}}
[1.5:5] returning.feature:7 - evaluation (js) failed: highlight('{a}BOOK FLIGHT'), javascript failed twice: {"value":{"stacktrace":"Backtrace:\n\tOrdinal0 [0x00343733+2504499]\n\tOrdinal0 [0x002DC401+2081793]\n\tOrdinal0 [0x001E2628+1058344]\n\tOrdinal0 [0x001E4CEA+1068266]\n\tOrdinal0 [0x001E4BAE+1067950]\n\tOrdinal0 [0x001E5433+1070131]\n\tOrdinal0 [0x00235659+1398361]\n\tOrdinal0 [0x00225E83+1334915]\n\tOrdinal0 [0x00234CDB+1395931]\n\tOrdinal0 [0x00225D4B+1334603]\n\tOrdinal0 [0x002022B4+1188532]\n\tOrdinal0 [0x00203149+1192265]\n\tGetHandleVerifier [0x004BFB8C+1512252]\n\tGetHandleVerifier [0x0056B0DF+2214031]\n\tGetHandleVerifier [0x003C4BC3+484211]\n\tGetHandleVerifier [0x003C3E69+480793]\n\tOrdinal0 [0x002E218D+2105741]\n\tOrdinal0 [0x002E66E8+2123496]\n\tOrdinal0 [0x002E6827+2123815]\n\tOrdinal0 [0x002EFB73+2161523]\n\tBaseThreadInitThunk [0x755DFA29+25]\n\tRtlGetAppContainerNamedObjectPath [0x774A7A7E+286]\n\tRtlGetAppContainerNamedObjectPath [0x774A7A4E+238]\n\t(No symbol) [0x00000000]\n","error":"javascript error","message":"javascript error: Cannot read property 'getAttribute' of null\n  (Session info: chrome=92.0.4515.107)"}}
20:55:36.360 karate.env system property was:  
20:55:36.364 preferred port 9515 not available, will use: 56242
flate
2 > Connection: Keep-Alive
2 > Host: jsonplaceholder.typicode.com
2 > User-Agent: Apache-HttpClient/4.5.12 (Java/1.8.0_292)

14:55:42.794 response time in milliseconds: 240.38
2 < 200
2 < Access-Control-Allow-Credentials: true
2 < Age: 10496
2 < CF-Cache-Status: HIT
2 < CF-RAY: 66757d8eec902f46-SIN
2 < Cache-Control: max-age=43200
2 < Connection: keep-alive
2 < Content-Type: application/json; charset=utf-8
2 < Date: Wed, 30 Jun 2021 06:55:41 GMT
2 < Etag: W/"1fd-+2Y3G3w049iSZtw5t1mzSnunngE"
2 < Expect-CT: max-age=604800, report-uri="https://report-uri.cloudflare.com/cdn-cgi/beacon/expect-ct"
2 < Expires: -1
2 < NEL: {"report_to":"cf-nel","max_age":604800}
2 < Pragma: no-cache
2 < Report-To: {"endpoints":[{"url":"https:\/\/a.nel.cloudflare.com\/report\/v2?s=fgVqB3QOCOyQAvYnxnVIpi7ZNqgoPrjed8DlOZk50p1RRNgmd5JOn4CeEzzFU8P3Q%2B0bJTXtxQHj9C62jyVu131Z%2Fs1XHTqoek32fUt5IHSWGnegjYijaAUKYebsk8ToA%2BzK0Q15SLPrhw%3D%3D"}],"group":"cf-nel","max_age":604800}
2 < Server: cloudflare
2 < Transfer-Encoding: chunked
2 < Vary: Origin, Accept-Encoding
2 < Via: 1.1 vegur
2 < X-Content-Type-Options: nosniff
2 < X-Powered-By: Express
2 < X-Ratelimit-Limit: 1000
2 < X-Ratelimit-Remaining: 999
2 < X-Ratelimit-Reset: 1619232468
2 < alt-svc: h3-27=":443"; ma=86400, h3-28=":443"; ma=86400, h3-29=":443"; ma=86400, h3=":443"; ma=86400
2 < cf-request-id: 0afd4ccd5400002f46edb90000000001
{
  "id": 1,
  "name": "Leanne Graham",
  "username": "Bret",
  "email": "Sincere@april.biz",
  "address": {
    "street": "Kulas Light",
    "suite": "Apt. 556",
    "city": "Gwenborough",
    "zipcode": "92998-3874",
    "geo": {
      "lat": "-37.3159",
      "lng": "81.1496"
    }
  },
  "phone": "1-770-736-8031 x56442",
  "website": "hildegard.org",
  "company": {
    "name": "Romaguera-Crona",
    "catchPhrase": "Multi-layered client-server neural-net",
    "bs": "harness real-time e-markets"
  }
}

